{"C:\\Users\\ksingh\\Desktop\\book-recommendation\\book-recommendation\\App.js": {"path":"C:\\Users\\ksingh\\Desktop\\book-recommendation\\book-recommendation\\App.js","statementMap":{"0":{"start":{"line":23,"column":14},"end":{"line":23,"column":36}},"1":{"start":{"line":25,"column":12},"end":{"line":25,"column":38}},"2":{"start":{"line":29,"column":2},"end":{"line":50,"column":3}},"3":{"start":{"line":55,"column":28},"end":{"line":55,"column":40}},"4":{"start":{"line":56,"column":21},"end":{"line":56,"column":36}},"5":{"start":{"line":58,"column":2},"end":{"line":64,"column":7}},"6":{"start":{"line":59,"column":12},"end":{"line":59,"column":41}},"7":{"start":{"line":60,"column":4},"end":{"line":60,"column":15}},"8":{"start":{"line":61,"column":4},"end":{"line":63,"column":5}},"9":{"start":{"line":62,"column":6},"end":{"line":62,"column":34}},"10":{"start":{"line":65,"column":24},"end":{"line":92,"column":3}},"11":{"start":{"line":68,"column":4},"end":{"line":89,"column":5}},"12":{"start":{"line":70,"column":8},"end":{"line":70,"column":26}},"13":{"start":{"line":71,"column":8},"end":{"line":71,"column":14}},"14":{"start":{"line":73,"column":8},"end":{"line":73,"column":29}},"15":{"start":{"line":74,"column":8},"end":{"line":74,"column":14}},"16":{"start":{"line":76,"column":8},"end":{"line":76,"column":28}},"17":{"start":{"line":77,"column":8},"end":{"line":77,"column":14}},"18":{"start":{"line":79,"column":8},"end":{"line":79,"column":27}},"19":{"start":{"line":80,"column":8},"end":{"line":80,"column":14}},"20":{"start":{"line":82,"column":8},"end":{"line":82,"column":26}},"21":{"start":{"line":83,"column":8},"end":{"line":83,"column":14}},"22":{"start":{"line":85,"column":8},"end":{"line":85,"column":26}},"23":{"start":{"line":86,"column":8},"end":{"line":86,"column":14}},"24":{"start":{"line":88,"column":8},"end":{"line":88,"column":14}},"25":{"start":{"line":91,"column":4},"end":{"line":91,"column":60}},"26":{"start":{"line":93,"column":2},"end":{"line":104,"column":4}},"27":{"start":{"line":94,"column":48},"end":{"line":96,"column":5}},"28":{"start":{"line":95,"column":31},"end":{"line":95,"column":58}},"29":{"start":{"line":108,"column":2},"end":{"line":128,"column":4}}},"fnMap":{"0":{"name":"HomeStack","decl":{"start":{"line":27,"column":9},"end":{"line":27,"column":18}},"loc":{"start":{"line":27,"column":20},"end":{"line":52,"column":1}},"line":27},"1":{"name":"MyTabs","decl":{"start":{"line":54,"column":9},"end":{"line":54,"column":15}},"loc":{"start":{"line":54,"column":18},"end":{"line":105,"column":1}},"line":54},"2":{"name":"(anonymous_2)","decl":{"start":{"line":58,"column":12},"end":{"line":58,"column":13}},"loc":{"start":{"line":58,"column":18},"end":{"line":64,"column":3}},"line":58},"3":{"name":"(anonymous_3)","decl":{"start":{"line":65,"column":24},"end":{"line":65,"column":25}},"loc":{"start":{"line":65,"column":42},"end":{"line":92,"column":3}},"line":65},"4":{"name":"(anonymous_4)","decl":{"start":{"line":94,"column":34},"end":{"line":94,"column":35}},"loc":{"start":{"line":94,"column":48},"end":{"line":96,"column":5}},"line":94},"5":{"name":"(anonymous_5)","decl":{"start":{"line":95,"column":18},"end":{"line":95,"column":19}},"loc":{"start":{"line":95,"column":31},"end":{"line":95,"column":58}},"line":95},"6":{"name":"App","decl":{"start":{"line":107,"column":24},"end":{"line":107,"column":27}},"loc":{"start":{"line":107,"column":30},"end":{"line":129,"column":1}},"line":107}},"branchMap":{"0":{"loc":{"start":{"line":61,"column":4},"end":{"line":63,"column":5}},"type":"if","locations":[{"start":{"line":61,"column":4},"end":{"line":63,"column":5}},{"start":{},"end":{}}],"line":61},"1":{"loc":{"start":{"line":68,"column":4},"end":{"line":89,"column":5}},"type":"switch","locations":[{"start":{"line":69,"column":6},"end":{"line":71,"column":14}},{"start":{"line":72,"column":6},"end":{"line":74,"column":14}},{"start":{"line":75,"column":6},"end":{"line":77,"column":14}},{"start":{"line":78,"column":6},"end":{"line":80,"column":14}},{"start":{"line":81,"column":6},"end":{"line":83,"column":14}},{"start":{"line":84,"column":6},"end":{"line":86,"column":14}},{"start":{"line":87,"column":6},"end":{"line":88,"column":14}}],"line":68}},"s":{"0":1,"1":1,"2":0,"3":0,"4":0,"5":0,"6":0,"7":0,"8":0,"9":0,"10":0,"11":0,"12":0,"13":0,"14":0,"15":0,"16":0,"17":0,"18":0,"19":0,"20":0,"21":0,"22":0,"23":0,"24":0,"25":0,"26":0,"27":0,"28":0,"29":2},"f":{"0":0,"1":0,"2":0,"3":0,"4":0,"5":0,"6":2},"b":{"0":[0,0],"1":[0,0,0,0,0,0,0]},"_coverageSchema":"1a1c01bbd47fc00a2c39e90264f33305004495a9","hash":"50ccc94e22dc46e7aee2dc3d3383af121f77f966"}
,"C:\\Users\\ksingh\\Desktop\\book-recommendation\\book-recommendation\\webpack.config.js": {"path":"C:\\Users\\ksingh\\Desktop\\book-recommendation\\book-recommendation\\webpack.config.js","statementMap":{"0":{"start":{"line":1,"column":37},"end":{"line":1,"column":68}},"1":{"start":{"line":3,"column":0},"end":{"line":13,"column":2}},"2":{"start":{"line":4,"column":17},"end":{"line":4,"column":62}},"3":{"start":{"line":6,"column":2},"end":{"line":10,"column":3}},"4":{"start":{"line":12,"column":2},"end":{"line":12,"column":16}}},"fnMap":{"0":{"name":"(anonymous_0)","decl":{"start":{"line":3,"column":17},"end":{"line":3,"column":18}},"loc":{"start":{"line":3,"column":44},"end":{"line":13,"column":1}},"line":3}},"branchMap":{},"s":{"0":0,"1":0,"2":0,"3":0,"4":0},"f":{"0":0},"b":{}}
,"C:\\Users\\ksingh\\Desktop\\book-recommendation\\book-recommendation\\src\\index.js": {"path":"C:\\Users\\ksingh\\Desktop\\book-recommendation\\book-recommendation\\src\\index.js","statementMap":{},"fnMap":{},"branchMap":{},"s":{},"f":{},"b":{}}
,"C:\\Users\\ksingh\\Desktop\\book-recommendation\\book-recommendation\\src\\components\\Nav.js": {"path":"C:\\Users\\ksingh\\Desktop\\book-recommendation\\book-recommendation\\src\\components\\Nav.js","statementMap":{"0":{"start":{"line":19,"column":4},"end":{"line":23,"column":6}},"1":{"start":{"line":25,"column":2},"end":{"line":67,"column":4}},"2":{"start":{"line":29,"column":10},"end":{"line":48,"column":22}},"3":{"start":{"line":32,"column":28},"end":{"line":36,"column":16}},"4":{"start":{"line":38,"column":14},"end":{"line":43,"column":15}},"5":{"start":{"line":39,"column":16},"end":{"line":42,"column":19}},"6":{"start":{"line":53,"column":10},"end":{"line":63,"column":12}},"7":{"start":{"line":70,"column":33},"end":{"line":70,"column":69}}},"fnMap":{"0":{"name":"TabNavigator","decl":{"start":{"line":11,"column":9},"end":{"line":11,"column":21}},"loc":{"start":{"line":17,"column":3},"end":{"line":68,"column":1}},"line":17},"1":{"name":"(anonymous_1)","decl":{"start":{"line":28,"column":26},"end":{"line":28,"column":27}},"loc":{"start":{"line":29,"column":10},"end":{"line":48,"column":22}},"line":29},"2":{"name":"(anonymous_2)","decl":{"start":{"line":31,"column":21},"end":{"line":31,"column":22}},"loc":{"start":{"line":31,"column":27},"end":{"line":44,"column":13}},"line":31},"3":{"name":"(anonymous_3)","decl":{"start":{"line":52,"column":26},"end":{"line":52,"column":27}},"loc":{"start":{"line":52,"column":40},"end":{"line":64,"column":9}},"line":52}},"branchMap":{"0":{"loc":{"start":{"line":38,"column":14},"end":{"line":43,"column":15}},"type":"if","locations":[{"start":{"line":38,"column":14},"end":{"line":43,"column":15}},{"start":{},"end":{}}],"line":38},"1":{"loc":{"start":{"line":47,"column":19},"end":{"line":47,"column":69}},"type":"binary-expr","locations":[{"start":{"line":47,"column":19},"end":{"line":47,"column":55}},{"start":{"line":47,"column":59},"end":{"line":47,"column":69}}],"line":47},"2":{"loc":{"start":{"line":58,"column":27},"end":{"line":58,"column":62}},"type":"cond-expr","locations":[{"start":{"line":58,"column":47},"end":{"line":58,"column":53}},{"start":{"line":58,"column":56},"end":{"line":58,"column":62}}],"line":58}},"s":{"0":0,"1":0,"2":0,"3":0,"4":0,"5":0,"6":0,"7":0},"f":{"0":0,"1":0,"2":0,"3":0},"b":{"0":[0,0],"1":[0,0],"2":[0,0]}}
,"C:\\Users\\ksingh\\Desktop\\book-recommendation\\book-recommendation\\src\\components\\Navigation.js": {"path":"C:\\Users\\ksingh\\Desktop\\book-recommendation\\book-recommendation\\src\\components\\Navigation.js","statementMap":{"0":{"start":{"line":6,"column":19},"end":{"line":70,"column":1}},"1":{"start":{"line":7,"column":21},"end":{"line":14,"column":5}},"2":{"start":{"line":15,"column":2},"end":{"line":69,"column":3}},"3":{"start":{"line":55,"column":8},"end":{"line":62,"column":9}},"4":{"start":{"line":58,"column":29},"end":{"line":58,"column":54}},"5":{"start":{"line":72,"column":15},"end":{"line":92,"column":2}}},"fnMap":{"0":{"name":"(anonymous_0)","decl":{"start":{"line":6,"column":19},"end":{"line":6,"column":20}},"loc":{"start":{"line":6,"column":37},"end":{"line":70,"column":1}},"line":6},"1":{"name":"(anonymous_1)","decl":{"start":{"line":54,"column":18},"end":{"line":54,"column":19}},"loc":{"start":{"line":54,"column":28},"end":{"line":63,"column":7}},"line":54},"2":{"name":"(anonymous_2)","decl":{"start":{"line":58,"column":25},"end":{"line":58,"column":26}},"loc":{"start":{"line":58,"column":29},"end":{"line":58,"column":54}},"line":58}},"branchMap":{},"s":{"0":0,"1":0,"2":0,"3":0,"4":0,"5":0},"f":{"0":0,"1":0,"2":0},"b":{}}
,"C:\\Users\\ksingh\\Desktop\\book-recommendation\\book-recommendation\\src\\components\\UseToken.js": {"path":"C:\\Users\\ksingh\\Desktop\\book-recommendation\\book-recommendation\\src\\components\\UseToken.js","statementMap":{"0":{"start":{"line":6,"column":22},"end":{"line":6,"column":51}},"1":{"start":{"line":7,"column":4},"end":{"line":7,"column":33}},"2":{"start":{"line":10,"column":28},"end":{"line":10,"column":48}},"3":{"start":{"line":13,"column":4},"end":{"line":13,"column":45}},"4":{"start":{"line":14,"column":4},"end":{"line":14,"column":24}},"5":{"start":{"line":18,"column":4},"end":{"line":18,"column":37}},"6":{"start":{"line":19,"column":4},"end":{"line":19,"column":19}},"7":{"start":{"line":22,"column":2},"end":{"line":26,"column":3}}},"fnMap":{"0":{"name":"useToken","decl":{"start":{"line":3,"column":9},"end":{"line":3,"column":17}},"loc":{"start":{"line":3,"column":20},"end":{"line":28,"column":1}},"line":3},"1":{"name":"getToken","decl":{"start":{"line":5,"column":11},"end":{"line":5,"column":19}},"loc":{"start":{"line":5,"column":22},"end":{"line":8,"column":3}},"line":5},"2":{"name":"saveToken","decl":{"start":{"line":12,"column":11},"end":{"line":12,"column":20}},"loc":{"start":{"line":12,"column":32},"end":{"line":15,"column":3}},"line":12},"3":{"name":"removeToken","decl":{"start":{"line":17,"column":11},"end":{"line":17,"column":22}},"loc":{"start":{"line":17,"column":25},"end":{"line":20,"column":3}},"line":17}},"branchMap":{"0":{"loc":{"start":{"line":7,"column":11},"end":{"line":7,"column":33}},"type":"binary-expr","locations":[{"start":{"line":7,"column":11},"end":{"line":7,"column":20}},{"start":{"line":7,"column":24},"end":{"line":7,"column":33}}],"line":7}},"s":{"0":0,"1":0,"2":0,"3":0,"4":0,"5":0,"6":0,"7":0},"f":{"0":0,"1":0,"2":0,"3":0},"b":{"0":[0,0]},"_coverageSchema":"1a1c01bbd47fc00a2c39e90264f33305004495a9","hash":"e7521343f78ba9231543f85dac80a3ec0da5860c"}
,"C:\\Users\\ksingh\\Desktop\\book-recommendation\\book-recommendation\\src\\components\\common\\Card.js": {"path":"C:\\Users\\ksingh\\Desktop\\book-recommendation\\book-recommendation\\src\\components\\common\\Card.js","statementMap":{"0":{"start":{"line":5,"column":12},"end":{"line":5,"column":36}},"1":{"start":{"line":7,"column":13},"end":{"line":29,"column":1}},"2":{"start":{"line":9,"column":2},"end":{"line":9,"column":19}},"3":{"start":{"line":11,"column":15},"end":{"line":11,"column":32}},"4":{"start":{"line":12,"column":2},"end":{"line":14,"column":3}},"5":{"start":{"line":13,"column":4},"end":{"line":13,"column":104}},"6":{"start":{"line":15,"column":2},"end":{"line":28,"column":3}},"7":{"start":{"line":31,"column":15},"end":{"line":66,"column":2}}},"fnMap":{"0":{"name":"(anonymous_0)","decl":{"start":{"line":7,"column":13},"end":{"line":7,"column":14}},"loc":{"start":{"line":7,"column":25},"end":{"line":29,"column":1}},"line":7}},"branchMap":{"0":{"loc":{"start":{"line":12,"column":2},"end":{"line":14,"column":3}},"type":"if","locations":[{"start":{"line":12,"column":2},"end":{"line":14,"column":3}},{"start":{},"end":{}}],"line":12}},"s":{"0":1,"1":1,"2":0,"3":0,"4":0,"5":0,"6":0,"7":1},"f":{"0":0},"b":{"0":[0,0]},"_coverageSchema":"1a1c01bbd47fc00a2c39e90264f33305004495a9","hash":"161d3fb18cc3af9bfa529b812ede6d316845822e"}
,"C:\\Users\\ksingh\\Desktop\\book-recommendation\\book-recommendation\\src\\components\\common\\FilterModal.js": {"path":"C:\\Users\\ksingh\\Desktop\\book-recommendation\\book-recommendation\\src\\components\\common\\FilterModal.js","statementMap":{"0":{"start":{"line":7,"column":20},"end":{"line":135,"column":1}},"1":{"start":{"line":8,"column":42},"end":{"line":8,"column":57}},"2":{"start":{"line":9,"column":32},"end":{"line":9,"column":47}},"3":{"start":{"line":10,"column":28},"end":{"line":10,"column":49}},"4":{"start":{"line":11,"column":21},"end":{"line":29,"column":3}},"5":{"start":{"line":31,"column":32},"end":{"line":31,"column":52}},"6":{"start":{"line":32,"column":22},"end":{"line":32,"column":39}},"7":{"start":{"line":39,"column":23},"end":{"line":71,"column":3}},"8":{"start":{"line":40,"column":16},"end":{"line":40,"column":18}},"9":{"start":{"line":41,"column":15},"end":{"line":46,"column":6}},"10":{"start":{"line":42,"column":6},"end":{"line":44,"column":7}},"11":{"start":{"line":43,"column":10},"end":{"line":43,"column":61}},"12":{"start":{"line":45,"column":6},"end":{"line":45,"column":20}},"13":{"start":{"line":47,"column":4},"end":{"line":51,"column":6}},"14":{"start":{"line":48,"column":6},"end":{"line":50,"column":7}},"15":{"start":{"line":49,"column":8},"end":{"line":49,"column":33}},"16":{"start":{"line":52,"column":4},"end":{"line":52,"column":21}},"17":{"start":{"line":53,"column":24},"end":{"line":64,"column":6}},"18":{"start":{"line":54,"column":19},"end":{"line":54,"column":39}},"19":{"start":{"line":55,"column":28},"end":{"line":55,"column":33}},"20":{"start":{"line":56,"column":6},"end":{"line":60,"column":8}},"21":{"start":{"line":57,"column":8},"end":{"line":59,"column":9}},"22":{"start":{"line":58,"column":10},"end":{"line":58,"column":32}},"23":{"start":{"line":61,"column":6},"end":{"line":63,"column":7}},"24":{"start":{"line":62,"column":8},"end":{"line":62,"column":16}},"25":{"start":{"line":66,"column":4},"end":{"line":70,"column":5}},"26":{"start":{"line":67,"column":6},"end":{"line":67,"column":24}},"27":{"start":{"line":69,"column":6},"end":{"line":69,"column":32}},"28":{"start":{"line":74,"column":2},"end":{"line":134,"column":3}},"29":{"start":{"line":82,"column":10},"end":{"line":82,"column":48}},"30":{"start":{"line":83,"column":10},"end":{"line":83,"column":41}},"31":{"start":{"line":95,"column":16},"end":{"line":113,"column":23}},"32":{"start":{"line":101,"column":46},"end":{"line":101,"column":67}},"33":{"start":{"line":119,"column":29},"end":{"line":119,"column":59}},"34":{"start":{"line":128,"column":23},"end":{"line":128,"column":44}},"35":{"start":{"line":137,"column":15},"end":{"line":193,"column":2}}},"fnMap":{"0":{"name":"(anonymous_0)","decl":{"start":{"line":7,"column":20},"end":{"line":7,"column":21}},"loc":{"start":{"line":7,"column":31},"end":{"line":135,"column":1}},"line":7},"1":{"name":"(anonymous_1)","decl":{"start":{"line":39,"column":23},"end":{"line":39,"column":24}},"loc":{"start":{"line":39,"column":31},"end":{"line":71,"column":3}},"line":39},"2":{"name":"(anonymous_2)","decl":{"start":{"line":41,"column":27},"end":{"line":41,"column":28}},"loc":{"start":{"line":41,"column":39},"end":{"line":46,"column":5}},"line":41},"3":{"name":"(anonymous_3)","decl":{"start":{"line":47,"column":26},"end":{"line":47,"column":27}},"loc":{"start":{"line":47,"column":31},"end":{"line":51,"column":5}},"line":47},"4":{"name":"(anonymous_4)","decl":{"start":{"line":53,"column":37},"end":{"line":53,"column":38}},"loc":{"start":{"line":53,"column":40},"end":{"line":64,"column":5}},"line":53},"5":{"name":"(anonymous_5)","decl":{"start":{"line":56,"column":17},"end":{"line":56,"column":18}},"loc":{"start":{"line":56,"column":20},"end":{"line":60,"column":7}},"line":56},"6":{"name":"(anonymous_6)","decl":{"start":{"line":81,"column":24},"end":{"line":81,"column":25}},"loc":{"start":{"line":81,"column":30},"end":{"line":84,"column":9}},"line":81},"7":{"name":"(anonymous_7)","decl":{"start":{"line":94,"column":26},"end":{"line":94,"column":27}},"loc":{"start":{"line":95,"column":16},"end":{"line":113,"column":23}},"line":95},"8":{"name":"(anonymous_8)","decl":{"start":{"line":101,"column":40},"end":{"line":101,"column":41}},"loc":{"start":{"line":101,"column":46},"end":{"line":101,"column":67}},"line":101},"9":{"name":"(anonymous_9)","decl":{"start":{"line":119,"column":23},"end":{"line":119,"column":24}},"loc":{"start":{"line":119,"column":29},"end":{"line":119,"column":59}},"line":119},"10":{"name":"(anonymous_10)","decl":{"start":{"line":128,"column":17},"end":{"line":128,"column":18}},"loc":{"start":{"line":128,"column":23},"end":{"line":128,"column":44}},"line":128}},"branchMap":{"0":{"loc":{"start":{"line":42,"column":6},"end":{"line":44,"column":7}},"type":"if","locations":[{"start":{"line":42,"column":6},"end":{"line":44,"column":7}},{"start":{},"end":{}}],"line":42},"1":{"loc":{"start":{"line":48,"column":6},"end":{"line":50,"column":7}},"type":"if","locations":[{"start":{"line":48,"column":6},"end":{"line":50,"column":7}},{"start":{},"end":{}}],"line":48},"2":{"loc":{"start":{"line":57,"column":8},"end":{"line":59,"column":9}},"type":"if","locations":[{"start":{"line":57,"column":8},"end":{"line":59,"column":9}},{"start":{},"end":{}}],"line":57},"3":{"loc":{"start":{"line":61,"column":6},"end":{"line":63,"column":7}},"type":"if","locations":[{"start":{"line":61,"column":6},"end":{"line":63,"column":7}},{"start":{},"end":{}}],"line":61},"4":{"loc":{"start":{"line":66,"column":4},"end":{"line":70,"column":5}},"type":"if","locations":[{"start":{"line":66,"column":4},"end":{"line":70,"column":5}},{"start":{"line":68,"column":9},"end":{"line":70,"column":5}}],"line":66},"5":{"loc":{"start":{"line":102,"column":54},"end":{"line":102,"column":115}},"type":"cond-expr","locations":[{"start":{"line":102,"column":71},"end":{"line":102,"column":88}},{"start":{"line":102,"column":91},"end":{"line":102,"column":115}}],"line":102}},"s":{"0":1,"1":0,"2":0,"3":0,"4":0,"5":0,"6":0,"7":0,"8":0,"9":0,"10":0,"11":0,"12":0,"13":0,"14":0,"15":0,"16":0,"17":0,"18":0,"19":0,"20":0,"21":0,"22":0,"23":0,"24":0,"25":0,"26":0,"27":0,"28":0,"29":0,"30":0,"31":0,"32":0,"33":0,"34":0,"35":1},"f":{"0":0,"1":0,"2":0,"3":0,"4":0,"5":0,"6":0,"7":0,"8":0,"9":0,"10":0},"b":{"0":[0,0],"1":[0,0],"2":[0,0],"3":[0,0],"4":[0,0],"5":[0,0]},"_coverageSchema":"1a1c01bbd47fc00a2c39e90264f33305004495a9","hash":"abdfc8716a14f9861ff8eb8d0690cf95c43b702b"}
,"C:\\Users\\ksingh\\Desktop\\book-recommendation\\book-recommendation\\src\\components\\common\\List.js": {"path":"C:\\Users\\ksingh\\Desktop\\book-recommendation\\book-recommendation\\src\\components\\common\\List.js","statementMap":{"0":{"start":{"line":7,"column":13},"end":{"line":78,"column":1}},"1":{"start":{"line":53,"column":14},"end":{"line":59,"column":5}},"2":{"start":{"line":60,"column":18},"end":{"line":60,"column":48}},"3":{"start":{"line":62,"column":4},"end":{"line":77,"column":5}},"4":{"start":{"line":70,"column":20},"end":{"line":70,"column":74}},"5":{"start":{"line":80,"column":15},"end":{"line":107,"column":2}}},"fnMap":{"0":{"name":"(anonymous_0)","decl":{"start":{"line":7,"column":13},"end":{"line":7,"column":14}},"loc":{"start":{"line":7,"column":31},"end":{"line":78,"column":1}},"line":7},"1":{"name":"(anonymous_1)","decl":{"start":{"line":69,"column":26},"end":{"line":69,"column":27}},"loc":{"start":{"line":70,"column":20},"end":{"line":70,"column":74}},"line":70}},"branchMap":{},"s":{"0":0,"1":0,"2":0,"3":0,"4":0,"5":0},"f":{"0":0,"1":0},"b":{}}
,"C:\\Users\\ksingh\\Desktop\\book-recommendation\\book-recommendation\\src\\components\\common\\ReadModal.js": {"path":"C:\\Users\\ksingh\\Desktop\\book-recommendation\\book-recommendation\\src\\components\\common\\ReadModal.js","statementMap":{"0":{"start":{"line":6,"column":18},"end":{"line":71,"column":1}},"1":{"start":{"line":7,"column":23},"end":{"line":7,"column":41}},"2":{"start":{"line":8,"column":15},"end":{"line":8,"column":25}},"3":{"start":{"line":10,"column":25},"end":{"line":12,"column":3}},"4":{"start":{"line":11,"column":4},"end":{"line":11,"column":39}},"5":{"start":{"line":14,"column":21},"end":{"line":16,"column":3}},"6":{"start":{"line":15,"column":4},"end":{"line":15,"column":28}},"7":{"start":{"line":18,"column":2},"end":{"line":70,"column":3}},"8":{"start":{"line":26,"column":10},"end":{"line":26,"column":48}},"9":{"start":{"line":27,"column":10},"end":{"line":27,"column":40}},"10":{"start":{"line":34,"column":31},"end":{"line":34,"column":57}},"11":{"start":{"line":40,"column":31},"end":{"line":40,"column":62}},"12":{"start":{"line":46,"column":31},"end":{"line":46,"column":49}},"13":{"start":{"line":51,"column":31},"end":{"line":51,"column":49}},"14":{"start":{"line":56,"column":31},"end":{"line":56,"column":45}},"15":{"start":{"line":73,"column":15},"end":{"line":142,"column":2}}},"fnMap":{"0":{"name":"(anonymous_0)","decl":{"start":{"line":6,"column":18},"end":{"line":6,"column":19}},"loc":{"start":{"line":6,"column":29},"end":{"line":71,"column":1}},"line":6},"1":{"name":"(anonymous_1)","decl":{"start":{"line":10,"column":25},"end":{"line":10,"column":26}},"loc":{"start":{"line":10,"column":31},"end":{"line":12,"column":3}},"line":10},"2":{"name":"(anonymous_2)","decl":{"start":{"line":14,"column":21},"end":{"line":14,"column":22}},"loc":{"start":{"line":14,"column":33},"end":{"line":16,"column":3}},"line":14},"3":{"name":"(anonymous_3)","decl":{"start":{"line":25,"column":24},"end":{"line":25,"column":25}},"loc":{"start":{"line":25,"column":30},"end":{"line":28,"column":9}},"line":25},"4":{"name":"(anonymous_4)","decl":{"start":{"line":34,"column":25},"end":{"line":34,"column":26}},"loc":{"start":{"line":34,"column":31},"end":{"line":34,"column":57}},"line":34},"5":{"name":"(anonymous_5)","decl":{"start":{"line":40,"column":25},"end":{"line":40,"column":26}},"loc":{"start":{"line":40,"column":31},"end":{"line":40,"column":62}},"line":40},"6":{"name":"(anonymous_6)","decl":{"start":{"line":46,"column":25},"end":{"line":46,"column":26}},"loc":{"start":{"line":46,"column":31},"end":{"line":46,"column":49}},"line":46},"7":{"name":"(anonymous_7)","decl":{"start":{"line":51,"column":25},"end":{"line":51,"column":26}},"loc":{"start":{"line":51,"column":31},"end":{"line":51,"column":49}},"line":51},"8":{"name":"(anonymous_8)","decl":{"start":{"line":56,"column":25},"end":{"line":56,"column":26}},"loc":{"start":{"line":56,"column":31},"end":{"line":56,"column":45}},"line":56}},"branchMap":{},"s":{"0":1,"1":0,"2":0,"3":0,"4":0,"5":0,"6":0,"7":0,"8":0,"9":0,"10":0,"11":0,"12":0,"13":0,"14":0,"15":1},"f":{"0":0,"1":0,"2":0,"3":0,"4":0,"5":0,"6":0,"7":0,"8":0},"b":{},"_coverageSchema":"1a1c01bbd47fc00a2c39e90264f33305004495a9","hash":"43659dd4f14f76187ca891a537970067f4f77b07"}
,"C:\\Users\\ksingh\\Desktop\\book-recommendation\\book-recommendation\\src\\screens\\BookDetails.js": {"path":"C:\\Users\\ksingh\\Desktop\\book-recommendation\\book-recommendation\\src\\screens\\BookDetails.js","statementMap":{"0":{"start":{"line":6,"column":12},"end":{"line":6,"column":36}},"1":{"start":{"line":13,"column":20},"end":{"line":162,"column":1}},"2":{"start":{"line":14,"column":26},"end":{"line":14,"column":38}},"3":{"start":{"line":15,"column":26},"end":{"line":15,"column":38}},"4":{"start":{"line":16,"column":28},"end":{"line":16,"column":43}},"5":{"start":{"line":17,"column":32},"end":{"line":17,"column":46}},"6":{"start":{"line":18,"column":42},"end":{"line":18,"column":57}},"7":{"start":{"line":19,"column":26},"end":{"line":19,"column":38}},"8":{"start":{"line":22,"column":21},"end":{"line":22,"column":36}},"9":{"start":{"line":23,"column":11},"end":{"line":23,"column":32}},"10":{"start":{"line":27,"column":4},"end":{"line":50,"column":7}},"11":{"start":{"line":35,"column":24},"end":{"line":35,"column":39}},"12":{"start":{"line":37,"column":14},"end":{"line":37,"column":46}},"13":{"start":{"line":37,"column":29},"end":{"line":37,"column":42}},"14":{"start":{"line":38,"column":6},"end":{"line":38,"column":37}},"15":{"start":{"line":39,"column":6},"end":{"line":39,"column":16}},"16":{"start":{"line":40,"column":6},"end":{"line":40,"column":23}},"17":{"start":{"line":42,"column":17},"end":{"line":42,"column":57}},"18":{"start":{"line":43,"column":6},"end":{"line":45,"column":7}},"19":{"start":{"line":44,"column":8},"end":{"line":44,"column":33}},"20":{"start":{"line":47,"column":6},"end":{"line":49,"column":7}},"21":{"start":{"line":48,"column":8},"end":{"line":48,"column":22}},"22":{"start":{"line":54,"column":15},"end":{"line":54,"column":21}},"23":{"start":{"line":55,"column":4},"end":{"line":55,"column":20}},"24":{"start":{"line":56,"column":15},"end":{"line":59,"column":5}},"25":{"start":{"line":60,"column":15},"end":{"line":69,"column":5}},"26":{"start":{"line":70,"column":4},"end":{"line":75,"column":6}},"27":{"start":{"line":72,"column":15},"end":{"line":72,"column":25}},"28":{"start":{"line":74,"column":6},"end":{"line":74,"column":61}},"29":{"start":{"line":78,"column":25},"end":{"line":84,"column":3}},"30":{"start":{"line":79,"column":4},"end":{"line":83,"column":5}},"31":{"start":{"line":80,"column":6},"end":{"line":80,"column":27}},"32":{"start":{"line":82,"column":6},"end":{"line":82,"column":28}},"33":{"start":{"line":86,"column":21},"end":{"line":104,"column":3}},"34":{"start":{"line":87,"column":15},"end":{"line":87,"column":17}},"35":{"start":{"line":88,"column":4},"end":{"line":88,"column":65}},"36":{"start":{"line":89,"column":15},"end":{"line":98,"column":5}},"37":{"start":{"line":99,"column":4},"end":{"line":102,"column":72}},"38":{"start":{"line":101,"column":15},"end":{"line":101,"column":25}},"39":{"start":{"line":102,"column":16},"end":{"line":102,"column":71}},"40":{"start":{"line":103,"column":4},"end":{"line":103,"column":23}},"41":{"start":{"line":106,"column":2},"end":{"line":110,"column":7}},"42":{"start":{"line":107,"column":4},"end":{"line":107,"column":15}},"43":{"start":{"line":108,"column":12},"end":{"line":108,"column":40}},"44":{"start":{"line":109,"column":4},"end":{"line":109,"column":14}},"45":{"start":{"line":113,"column":15},"end":{"line":113,"column":32}},"46":{"start":{"line":114,"column":2},"end":{"line":116,"column":3}},"47":{"start":{"line":115,"column":4},"end":{"line":115,"column":104}},"48":{"start":{"line":117,"column":2},"end":{"line":161,"column":3}},"49":{"start":{"line":118,"column":2},"end":{"line":155,"column":3}},"50":{"start":{"line":145,"column":27},"end":{"line":145,"column":48}},"51":{"start":{"line":156,"column":4},"end":{"line":160,"column":5}},"52":{"start":{"line":164,"column":15},"end":{"line":228,"column":2}}},"fnMap":{"0":{"name":"(anonymous_0)","decl":{"start":{"line":13,"column":20},"end":{"line":13,"column":21}},"loc":{"start":{"line":13,"column":31},"end":{"line":162,"column":1}},"line":13},"1":{"name":"fetchData","decl":{"start":{"line":26,"column":17},"end":{"line":26,"column":26}},"loc":{"start":{"line":26,"column":29},"end":{"line":51,"column":3}},"line":26},"2":{"name":"(anonymous_2)","decl":{"start":{"line":35,"column":10},"end":{"line":35,"column":11}},"loc":{"start":{"line":35,"column":24},"end":{"line":35,"column":39}},"line":35},"3":{"name":"(anonymous_3)","decl":{"start":{"line":36,"column":10},"end":{"line":36,"column":11}},"loc":{"start":{"line":36,"column":20},"end":{"line":50,"column":5}},"line":36},"4":{"name":"(anonymous_4)","decl":{"start":{"line":37,"column":26},"end":{"line":37,"column":27}},"loc":{"start":{"line":37,"column":29},"end":{"line":37,"column":42}},"line":37},"5":{"name":"like","decl":{"start":{"line":53,"column":17},"end":{"line":53,"column":21}},"loc":{"start":{"line":53,"column":23},"end":{"line":77,"column":3}},"line":53},"6":{"name":"(anonymous_6)","decl":{"start":{"line":72,"column":10},"end":{"line":72,"column":11}},"loc":{"start":{"line":72,"column":15},"end":{"line":72,"column":25}},"line":72},"7":{"name":"(anonymous_7)","decl":{"start":{"line":73,"column":10},"end":{"line":73,"column":11}},"loc":{"start":{"line":73,"column":16},"end":{"line":75,"column":5}},"line":73},"8":{"name":"(anonymous_8)","decl":{"start":{"line":78,"column":25},"end":{"line":78,"column":26}},"loc":{"start":{"line":78,"column":36},"end":{"line":84,"column":3}},"line":78},"9":{"name":"(anonymous_9)","decl":{"start":{"line":86,"column":21},"end":{"line":86,"column":22}},"loc":{"start":{"line":86,"column":43},"end":{"line":104,"column":3}},"line":86},"10":{"name":"(anonymous_10)","decl":{"start":{"line":101,"column":10},"end":{"line":101,"column":11}},"loc":{"start":{"line":101,"column":15},"end":{"line":101,"column":25}},"line":101},"11":{"name":"(anonymous_11)","decl":{"start":{"line":102,"column":10},"end":{"line":102,"column":11}},"loc":{"start":{"line":102,"column":16},"end":{"line":102,"column":71}},"line":102},"12":{"name":"(anonymous_12)","decl":{"start":{"line":106,"column":12},"end":{"line":106,"column":13}},"loc":{"start":{"line":106,"column":18},"end":{"line":110,"column":3}},"line":106},"13":{"name":"(anonymous_13)","decl":{"start":{"line":145,"column":21},"end":{"line":145,"column":22}},"loc":{"start":{"line":145,"column":27},"end":{"line":145,"column":48}},"line":145}},"branchMap":{"0":{"loc":{"start":{"line":43,"column":6},"end":{"line":45,"column":7}},"type":"if","locations":[{"start":{"line":43,"column":6},"end":{"line":45,"column":7}},{"start":{},"end":{}}],"line":43},"1":{"loc":{"start":{"line":47,"column":6},"end":{"line":49,"column":7}},"type":"if","locations":[{"start":{"line":47,"column":6},"end":{"line":49,"column":7}},{"start":{},"end":{}}],"line":47},"2":{"loc":{"start":{"line":47,"column":9},"end":{"line":47,"column":65}},"type":"binary-expr","locations":[{"start":{"line":47,"column":9},"end":{"line":47,"column":19}},{"start":{"line":47,"column":23},"end":{"line":47,"column":65}}],"line":47},"3":{"loc":{"start":{"line":79,"column":4},"end":{"line":83,"column":5}},"type":"if","locations":[{"start":{"line":79,"column":4},"end":{"line":83,"column":5}},{"start":{"line":81,"column":9},"end":{"line":83,"column":5}}],"line":79},"4":{"loc":{"start":{"line":114,"column":2},"end":{"line":116,"column":3}},"type":"if","locations":[{"start":{"line":114,"column":2},"end":{"line":116,"column":3}},{"start":{},"end":{}}],"line":114},"5":{"loc":{"start":{"line":117,"column":2},"end":{"line":161,"column":3}},"type":"if","locations":[{"start":{"line":117,"column":2},"end":{"line":161,"column":3}},{"start":{"line":155,"column":8},"end":{"line":161,"column":3}}],"line":117},"6":{"loc":{"start":{"line":138,"column":20},"end":{"line":138,"column":53}},"type":"cond-expr","locations":[{"start":{"line":138,"column":28},"end":{"line":138,"column":35}},{"start":{"line":138,"column":38},"end":{"line":138,"column":53}}],"line":138},"7":{"loc":{"start":{"line":140,"column":21},"end":{"line":140,"column":44}},"type":"cond-expr","locations":[{"start":{"line":140,"column":29},"end":{"line":140,"column":34}},{"start":{"line":140,"column":37},"end":{"line":140,"column":44}}],"line":140},"8":{"loc":{"start":{"line":144,"column":19},"end":{"line":144,"column":59}},"type":"cond-expr","locations":[{"start":{"line":144,"column":24},"end":{"line":144,"column":44}},{"start":{"line":144,"column":45},"end":{"line":144,"column":59}}],"line":144},"9":{"loc":{"start":{"line":147,"column":13},"end":{"line":147,"column":163}},"type":"cond-expr","locations":[{"start":{"line":147,"column":18},"end":{"line":147,"column":111}},{"start":{"line":147,"column":112},"end":{"line":147,"column":163}}],"line":147}},"s":{"0":1,"1":1,"2":0,"3":0,"4":0,"5":0,"6":0,"7":0,"8":0,"9":0,"10":0,"11":0,"12":0,"13":0,"14":0,"15":0,"16":0,"17":0,"18":0,"19":0,"20":0,"21":0,"22":0,"23":0,"24":0,"25":0,"26":0,"27":0,"28":0,"29":0,"30":0,"31":0,"32":0,"33":0,"34":0,"35":0,"36":0,"37":0,"38":0,"39":0,"40":0,"41":0,"42":0,"43":0,"44":0,"45":0,"46":0,"47":0,"48":0,"49":0,"50":0,"51":0,"52":1},"f":{"0":0,"1":0,"2":0,"3":0,"4":0,"5":0,"6":0,"7":0,"8":0,"9":0,"10":0,"11":0,"12":0,"13":0},"b":{"0":[0,0],"1":[0,0],"2":[0,0],"3":[0,0],"4":[0,0],"5":[0,0],"6":[0,0],"7":[0,0],"8":[0,0],"9":[0,0]},"_coverageSchema":"1a1c01bbd47fc00a2c39e90264f33305004495a9","hash":"99bccfe7802212df84fe909ee154b7561213209e"}
,"C:\\Users\\ksingh\\Desktop\\book-recommendation\\book-recommendation\\src\\screens\\BookShelf.js": {"path":"C:\\Users\\ksingh\\Desktop\\book-recommendation\\book-recommendation\\src\\screens\\BookShelf.js","statementMap":{"0":{"start":{"line":9,"column":18},"end":{"line":88,"column":1}},"1":{"start":{"line":11,"column":28},"end":{"line":11,"column":40}},"2":{"start":{"line":12,"column":38},"end":{"line":12,"column":50}},"3":{"start":{"line":13,"column":36},"end":{"line":13,"column":50}},"4":{"start":{"line":14,"column":32},"end":{"line":14,"column":50}},"5":{"start":{"line":15,"column":20},"end":{"line":15,"column":34}},"6":{"start":{"line":18,"column":4},"end":{"line":32,"column":7}},"7":{"start":{"line":27,"column":24},"end":{"line":27,"column":39}},"8":{"start":{"line":29,"column":6},"end":{"line":29,"column":26}},"9":{"start":{"line":30,"column":6},"end":{"line":30,"column":37}},"10":{"start":{"line":31,"column":6},"end":{"line":31,"column":25}},"11":{"start":{"line":35,"column":2},"end":{"line":37,"column":16}},"12":{"start":{"line":36,"column":4},"end":{"line":36,"column":15}},"13":{"start":{"line":40,"column":4},"end":{"line":40,"column":28}},"14":{"start":{"line":45,"column":2},"end":{"line":87,"column":3}},"15":{"start":{"line":46,"column":4},"end":{"line":50,"column":5}},"16":{"start":{"line":53,"column":4},"end":{"line":86,"column":5}},"17":{"start":{"line":58,"column":14},"end":{"line":70,"column":21}},"18":{"start":{"line":64,"column":20},"end":{"line":66,"column":39}},"19":{"start":{"line":64,"column":54},"end":{"line":64,"column":121}},"20":{"start":{"line":68,"column":51},"end":{"line":68,"column":56}},"21":{"start":{"line":73,"column":34},"end":{"line":73,"column":42}},"22":{"start":{"line":90,"column":15},"end":{"line":131,"column":2}}},"fnMap":{"0":{"name":"(anonymous_0)","decl":{"start":{"line":9,"column":18},"end":{"line":9,"column":19}},"loc":{"start":{"line":9,"column":36},"end":{"line":88,"column":1}},"line":9},"1":{"name":"fetchData","decl":{"start":{"line":17,"column":17},"end":{"line":17,"column":26}},"loc":{"start":{"line":17,"column":29},"end":{"line":34,"column":3}},"line":17},"2":{"name":"(anonymous_2)","decl":{"start":{"line":27,"column":10},"end":{"line":27,"column":11}},"loc":{"start":{"line":27,"column":24},"end":{"line":27,"column":39}},"line":27},"3":{"name":"(anonymous_3)","decl":{"start":{"line":28,"column":10},"end":{"line":28,"column":11}},"loc":{"start":{"line":28,"column":20},"end":{"line":32,"column":5}},"line":28},"4":{"name":"(anonymous_4)","decl":{"start":{"line":35,"column":12},"end":{"line":35,"column":13}},"loc":{"start":{"line":35,"column":18},"end":{"line":37,"column":3}},"line":35},"5":{"name":"filterBooks","decl":{"start":{"line":39,"column":11},"end":{"line":39,"column":22}},"loc":{"start":{"line":39,"column":38},"end":{"line":41,"column":3}},"line":39},"6":{"name":"(anonymous_6)","decl":{"start":{"line":57,"column":24},"end":{"line":57,"column":25}},"loc":{"start":{"line":58,"column":14},"end":{"line":70,"column":21}},"line":58},"7":{"name":"(anonymous_7)","decl":{"start":{"line":63,"column":32},"end":{"line":63,"column":33}},"loc":{"start":{"line":64,"column":20},"end":{"line":66,"column":39}},"line":64},"8":{"name":"(anonymous_8)","decl":{"start":{"line":64,"column":48},"end":{"line":64,"column":49}},"loc":{"start":{"line":64,"column":54},"end":{"line":64,"column":121}},"line":64},"9":{"name":"(anonymous_9)","decl":{"start":{"line":68,"column":34},"end":{"line":68,"column":35}},"loc":{"start":{"line":68,"column":51},"end":{"line":68,"column":56}},"line":68},"10":{"name":"(anonymous_10)","decl":{"start":{"line":73,"column":26},"end":{"line":73,"column":27}},"loc":{"start":{"line":73,"column":34},"end":{"line":73,"column":42}},"line":73}},"branchMap":{"0":{"loc":{"start":{"line":45,"column":2},"end":{"line":87,"column":3}},"type":"if","locations":[{"start":{"line":45,"column":2},"end":{"line":87,"column":3}},{"start":{"line":51,"column":7},"end":{"line":87,"column":3}}],"line":45}},"s":{"0":1,"1":0,"2":0,"3":0,"4":0,"5":0,"6":0,"7":0,"8":0,"9":0,"10":0,"11":0,"12":0,"13":0,"14":0,"15":0,"16":0,"17":0,"18":0,"19":0,"20":0,"21":0,"22":1},"f":{"0":0,"1":0,"2":0,"3":0,"4":0,"5":0,"6":0,"7":0,"8":0,"9":0,"10":0},"b":{"0":[0,0]},"_coverageSchema":"1a1c01bbd47fc00a2c39e90264f33305004495a9","hash":"720a977c2c576bd022fb81decdda2d4760a65afc"}
,"C:\\Users\\ksingh\\Desktop\\book-recommendation\\book-recommendation\\src\\screens\\HomeScreen.js": {"path":"C:\\Users\\ksingh\\Desktop\\book-recommendation\\book-recommendation\\src\\screens\\HomeScreen.js","statementMap":{"0":{"start":{"line":10,"column":19},"end":{"line":79,"column":1}},"1":{"start":{"line":12,"column":28},"end":{"line":12,"column":40}},"2":{"start":{"line":13,"column":36},"end":{"line":13,"column":50}},"3":{"start":{"line":14,"column":32},"end":{"line":14,"column":50}},"4":{"start":{"line":21,"column":4},"end":{"line":21,"column":21}},"5":{"start":{"line":22,"column":4},"end":{"line":36,"column":7}},"6":{"start":{"line":32,"column":24},"end":{"line":32,"column":39}},"7":{"start":{"line":34,"column":6},"end":{"line":34,"column":33}},"8":{"start":{"line":35,"column":6},"end":{"line":35,"column":25}},"9":{"start":{"line":39,"column":2},"end":{"line":41,"column":7}},"10":{"start":{"line":40,"column":4},"end":{"line":40,"column":15}},"11":{"start":{"line":44,"column":4},"end":{"line":44,"column":28}},"12":{"start":{"line":49,"column":2},"end":{"line":78,"column":3}},"13":{"start":{"line":50,"column":4},"end":{"line":54,"column":5}},"14":{"start":{"line":57,"column":4},"end":{"line":77,"column":5}},"15":{"start":{"line":70,"column":10},"end":{"line":72,"column":29}},"16":{"start":{"line":70,"column":44},"end":{"line":70,"column":111}},"17":{"start":{"line":74,"column":41},"end":{"line":74,"column":46}},"18":{"start":{"line":81,"column":15},"end":{"line":119,"column":2}}},"fnMap":{"0":{"name":"(anonymous_0)","decl":{"start":{"line":10,"column":19},"end":{"line":10,"column":20}},"loc":{"start":{"line":10,"column":37},"end":{"line":79,"column":1}},"line":10},"1":{"name":"fetchData","decl":{"start":{"line":18,"column":17},"end":{"line":18,"column":26}},"loc":{"start":{"line":18,"column":29},"end":{"line":38,"column":3}},"line":18},"2":{"name":"(anonymous_2)","decl":{"start":{"line":32,"column":10},"end":{"line":32,"column":11}},"loc":{"start":{"line":32,"column":24},"end":{"line":32,"column":39}},"line":32},"3":{"name":"(anonymous_3)","decl":{"start":{"line":33,"column":10},"end":{"line":33,"column":11}},"loc":{"start":{"line":33,"column":20},"end":{"line":36,"column":5}},"line":33},"4":{"name":"(anonymous_4)","decl":{"start":{"line":39,"column":12},"end":{"line":39,"column":13}},"loc":{"start":{"line":39,"column":18},"end":{"line":41,"column":3}},"line":39},"5":{"name":"filterBooks","decl":{"start":{"line":43,"column":11},"end":{"line":43,"column":22}},"loc":{"start":{"line":43,"column":38},"end":{"line":45,"column":3}},"line":43},"6":{"name":"(anonymous_6)","decl":{"start":{"line":69,"column":22},"end":{"line":69,"column":23}},"loc":{"start":{"line":70,"column":10},"end":{"line":72,"column":29}},"line":70},"7":{"name":"(anonymous_7)","decl":{"start":{"line":70,"column":38},"end":{"line":70,"column":39}},"loc":{"start":{"line":70,"column":44},"end":{"line":70,"column":111}},"line":70},"8":{"name":"(anonymous_8)","decl":{"start":{"line":74,"column":24},"end":{"line":74,"column":25}},"loc":{"start":{"line":74,"column":41},"end":{"line":74,"column":46}},"line":74}},"branchMap":{"0":{"loc":{"start":{"line":49,"column":2},"end":{"line":78,"column":3}},"type":"if","locations":[{"start":{"line":49,"column":2},"end":{"line":78,"column":3}},{"start":{"line":55,"column":7},"end":{"line":78,"column":3}}],"line":49}},"s":{"0":1,"1":0,"2":0,"3":0,"4":0,"5":0,"6":0,"7":0,"8":0,"9":0,"10":0,"11":0,"12":0,"13":0,"14":0,"15":0,"16":0,"17":0,"18":1},"f":{"0":0,"1":0,"2":0,"3":0,"4":0,"5":0,"6":0,"7":0,"8":0},"b":{"0":[0,0]},"_coverageSchema":"1a1c01bbd47fc00a2c39e90264f33305004495a9","hash":"2265e12dfc6cda0094c920d072706873fdcd77c7"}
,"C:\\Users\\ksingh\\Desktop\\book-recommendation\\book-recommendation\\src\\screens\\Liked.js": {"path":"C:\\Users\\ksingh\\Desktop\\book-recommendation\\book-recommendation\\src\\screens\\Liked.js","statementMap":{"0":{"start":{"line":8,"column":14},"end":{"line":61,"column":1}},"1":{"start":{"line":10,"column":28},"end":{"line":10,"column":40}},"2":{"start":{"line":11,"column":32},"end":{"line":11,"column":46}},"3":{"start":{"line":12,"column":20},"end":{"line":12,"column":34}},"4":{"start":{"line":16,"column":4},"end":{"line":40,"column":7}},"5":{"start":{"line":23,"column":24},"end":{"line":23,"column":39}},"6":{"start":{"line":25,"column":20},"end":{"line":25,"column":37}},"7":{"start":{"line":26,"column":19},"end":{"line":26,"column":59}},"8":{"start":{"line":27,"column":8},"end":{"line":38,"column":9}},"9":{"start":{"line":28,"column":22},"end":{"line":34,"column":14}},"10":{"start":{"line":29,"column":16},"end":{"line":33,"column":17}},"11":{"start":{"line":30,"column":20},"end":{"line":32,"column":21}},"12":{"start":{"line":31,"column":24},"end":{"line":31,"column":32}},"13":{"start":{"line":35,"column":12},"end":{"line":35,"column":25}},"14":{"start":{"line":37,"column":12},"end":{"line":37,"column":24}},"15":{"start":{"line":43,"column":2},"end":{"line":45,"column":16}},"16":{"start":{"line":44,"column":4},"end":{"line":44,"column":15}},"17":{"start":{"line":47,"column":2},"end":{"line":60,"column":3}},"18":{"start":{"line":53,"column":8},"end":{"line":55,"column":28}},"19":{"start":{"line":57,"column":39},"end":{"line":57,"column":44}},"20":{"start":{"line":63,"column":15},"end":{"line":101,"column":2}}},"fnMap":{"0":{"name":"(anonymous_0)","decl":{"start":{"line":8,"column":14},"end":{"line":8,"column":15}},"loc":{"start":{"line":8,"column":32},"end":{"line":61,"column":1}},"line":8},"1":{"name":"fetchData","decl":{"start":{"line":14,"column":17},"end":{"line":14,"column":26}},"loc":{"start":{"line":14,"column":29},"end":{"line":42,"column":3}},"line":14},"2":{"name":"(anonymous_2)","decl":{"start":{"line":23,"column":10},"end":{"line":23,"column":11}},"loc":{"start":{"line":23,"column":24},"end":{"line":23,"column":39}},"line":23},"3":{"name":"(anonymous_3)","decl":{"start":{"line":24,"column":10},"end":{"line":24,"column":11}},"loc":{"start":{"line":24,"column":20},"end":{"line":40,"column":5}},"line":24},"4":{"name":"(anonymous_4)","decl":{"start":{"line":28,"column":35},"end":{"line":28,"column":36}},"loc":{"start":{"line":28,"column":38},"end":{"line":34,"column":13}},"line":28},"5":{"name":"(anonymous_5)","decl":{"start":{"line":43,"column":12},"end":{"line":43,"column":13}},"loc":{"start":{"line":43,"column":18},"end":{"line":45,"column":3}},"line":43},"6":{"name":"(anonymous_6)","decl":{"start":{"line":52,"column":20},"end":{"line":52,"column":21}},"loc":{"start":{"line":53,"column":8},"end":{"line":55,"column":28}},"line":53},"7":{"name":"(anonymous_7)","decl":{"start":{"line":57,"column":22},"end":{"line":57,"column":23}},"loc":{"start":{"line":57,"column":39},"end":{"line":57,"column":44}},"line":57}},"branchMap":{"0":{"loc":{"start":{"line":27,"column":8},"end":{"line":38,"column":9}},"type":"if","locations":[{"start":{"line":27,"column":8},"end":{"line":38,"column":9}},{"start":{"line":36,"column":13},"end":{"line":38,"column":9}}],"line":27},"1":{"loc":{"start":{"line":30,"column":20},"end":{"line":32,"column":21}},"type":"if","locations":[{"start":{"line":30,"column":20},"end":{"line":32,"column":21}},{"start":{},"end":{}}],"line":30}},"s":{"0":1,"1":0,"2":0,"3":0,"4":0,"5":0,"6":0,"7":0,"8":0,"9":0,"10":0,"11":0,"12":0,"13":0,"14":0,"15":0,"16":0,"17":0,"18":0,"19":0,"20":1},"f":{"0":0,"1":0,"2":0,"3":0,"4":0,"5":0,"6":0,"7":0},"b":{"0":[0,0],"1":[0,0]},"_coverageSchema":"1a1c01bbd47fc00a2c39e90264f33305004495a9","hash":"58b9883ee77a951d66a02bd440875d87fca82889"}
,"C:\\Users\\ksingh\\Desktop\\book-recommendation\\book-recommendation\\src\\screens\\Login.js": {"path":"C:\\Users\\ksingh\\Desktop\\book-recommendation\\book-recommendation\\src\\screens\\Login.js","statementMap":{"0":{"start":{"line":20,"column":28},"end":{"line":20,"column":40}},"1":{"start":{"line":21,"column":34},"end":{"line":21,"column":46}},"2":{"start":{"line":22,"column":28},"end":{"line":22,"column":40}},"3":{"start":{"line":23,"column":21},"end":{"line":23,"column":36}},"4":{"start":{"line":27,"column":12},"end":{"line":27,"column":57}},"5":{"start":{"line":34,"column":15},"end":{"line":37,"column":5}},"6":{"start":{"line":39,"column":15},"end":{"line":46,"column":5}},"7":{"start":{"line":49,"column":4},"end":{"line":63,"column":6}},"8":{"start":{"line":51,"column":6},"end":{"line":55,"column":7}},"9":{"start":{"line":52,"column":8},"end":{"line":52,"column":25}},"10":{"start":{"line":54,"column":8},"end":{"line":54,"column":45}},"11":{"start":{"line":57,"column":6},"end":{"line":57,"column":55}},"12":{"start":{"line":58,"column":6},"end":{"line":58,"column":62}},"13":{"start":{"line":59,"column":6},"end":{"line":59,"column":33}},"14":{"start":{"line":60,"column":6},"end":{"line":62,"column":7}},"15":{"start":{"line":61,"column":8},"end":{"line":61,"column":44}},"16":{"start":{"line":66,"column":2},"end":{"line":107,"column":4}},"17":{"start":{"line":78,"column":35},"end":{"line":78,"column":50}},"18":{"start":{"line":88,"column":38},"end":{"line":88,"column":59}},"19":{"start":{"line":103,"column":37},"end":{"line":103,"column":67}},"20":{"start":{"line":110,"column":15},"end":{"line":156,"column":2}}},"fnMap":{"0":{"name":"Login","decl":{"start":{"line":19,"column":24},"end":{"line":19,"column":29}},"loc":{"start":{"line":19,"column":32},"end":{"line":108,"column":1}},"line":19},"1":{"name":"login","decl":{"start":{"line":33,"column":17},"end":{"line":33,"column":22}},"loc":{"start":{"line":33,"column":24},"end":{"line":64,"column":3}},"line":33},"2":{"name":"(anonymous_2)","decl":{"start":{"line":49,"column":48},"end":{"line":49,"column":49}},"loc":{"start":{"line":49,"column":53},"end":{"line":56,"column":5}},"line":49},"3":{"name":"(anonymous_3)","decl":{"start":{"line":56,"column":12},"end":{"line":56,"column":13}},"loc":{"start":{"line":56,"column":18},"end":{"line":63,"column":5}},"line":56},"4":{"name":"(anonymous_4)","decl":{"start":{"line":78,"column":24},"end":{"line":78,"column":25}},"loc":{"start":{"line":78,"column":35},"end":{"line":78,"column":50}},"line":78},"5":{"name":"(anonymous_5)","decl":{"start":{"line":88,"column":24},"end":{"line":88,"column":25}},"loc":{"start":{"line":88,"column":38},"end":{"line":88,"column":59}},"line":88},"6":{"name":"(anonymous_6)","decl":{"start":{"line":103,"column":33},"end":{"line":103,"column":34}},"loc":{"start":{"line":103,"column":37},"end":{"line":103,"column":67}},"line":103}},"branchMap":{"0":{"loc":{"start":{"line":51,"column":6},"end":{"line":55,"column":7}},"type":"if","locations":[{"start":{"line":51,"column":6},"end":{"line":55,"column":7}},{"start":{"line":53,"column":11},"end":{"line":55,"column":7}}],"line":51},"1":{"loc":{"start":{"line":60,"column":6},"end":{"line":62,"column":7}},"type":"if","locations":[{"start":{"line":60,"column":6},"end":{"line":62,"column":7}},{"start":{},"end":{}}],"line":60}},"s":{"0":2,"1":2,"2":2,"3":2,"4":2,"5":0,"6":0,"7":0,"8":0,"9":0,"10":0,"11":0,"12":0,"13":0,"14":0,"15":0,"16":2,"17":0,"18":0,"19":0,"20":1},"f":{"0":2,"1":0,"2":0,"3":0,"4":0,"5":0,"6":0},"b":{"0":[0,0],"1":[0,0]},"_coverageSchema":"1a1c01bbd47fc00a2c39e90264f33305004495a9","hash":"23113f199634f130b1509268a3b970a24eba3184"}
,"C:\\Users\\ksingh\\Desktop\\book-recommendation\\book-recommendation\\src\\screens\\MainStackNavigator.js": {"path":"C:\\Users\\ksingh\\Desktop\\book-recommendation\\book-recommendation\\src\\screens\\MainStackNavigator.js","statementMap":{"0":{"start":{"line":13,"column":14},"end":{"line":13,"column":36}},"1":{"start":{"line":16,"column":2},"end":{"line":51,"column":3}},"2":{"start":{"line":40,"column":35},"end":{"line":42,"column":11}}},"fnMap":{"0":{"name":"MainStackNavigator","decl":{"start":{"line":15,"column":9},"end":{"line":15,"column":27}},"loc":{"start":{"line":15,"column":30},"end":{"line":52,"column":1}},"line":15},"1":{"name":"(anonymous_1)","decl":{"start":{"line":40,"column":19},"end":{"line":40,"column":20}},"loc":{"start":{"line":40,"column":35},"end":{"line":42,"column":11}},"line":40}},"branchMap":{},"s":{"0":0,"1":0,"2":0},"f":{"0":0,"1":0},"b":{}}
,"C:\\Users\\ksingh\\Desktop\\book-recommendation\\book-recommendation\\src\\screens\\Profile.js": {"path":"C:\\Users\\ksingh\\Desktop\\book-recommendation\\book-recommendation\\src\\screens\\Profile.js","statementMap":{"0":{"start":{"line":8,"column":16},"end":{"line":80,"column":1}},"1":{"start":{"line":9,"column":28},"end":{"line":9,"column":47}},"2":{"start":{"line":10,"column":28},"end":{"line":10,"column":40}},"3":{"start":{"line":11,"column":26},"end":{"line":11,"column":38}},"4":{"start":{"line":12,"column":28},"end":{"line":12,"column":40}},"5":{"start":{"line":13,"column":38},"end":{"line":13,"column":50}},"6":{"start":{"line":14,"column":21},"end":{"line":14,"column":36}},"7":{"start":{"line":15,"column":20},"end":{"line":15,"column":34}},"8":{"start":{"line":17,"column":2},"end":{"line":21,"column":16}},"9":{"start":{"line":18,"column":4},"end":{"line":18,"column":14}},"10":{"start":{"line":19,"column":4},"end":{"line":19,"column":43}},"11":{"start":{"line":20,"column":4},"end":{"line":20,"column":53}},"12":{"start":{"line":24,"column":4},"end":{"line":30,"column":6}},"13":{"start":{"line":25,"column":15},"end":{"line":25,"column":25}},"14":{"start":{"line":27,"column":6},"end":{"line":27,"column":40}},"15":{"start":{"line":28,"column":6},"end":{"line":28,"column":34}},"16":{"start":{"line":29,"column":6},"end":{"line":29,"column":39}},"17":{"start":{"line":34,"column":4},"end":{"line":48,"column":9}},"18":{"start":{"line":44,"column":26},"end":{"line":44,"column":41}},"19":{"start":{"line":46,"column":8},"end":{"line":46,"column":39}},"20":{"start":{"line":47,"column":8},"end":{"line":47,"column":28}},"21":{"start":{"line":50,"column":15},"end":{"line":50,"column":101}},"22":{"start":{"line":51,"column":2},"end":{"line":79,"column":3}},"23":{"start":{"line":66,"column":12},"end":{"line":70,"column":31}},"24":{"start":{"line":66,"column":46},"end":{"line":66,"column":113}},"25":{"start":{"line":72,"column":43},"end":{"line":72,"column":48}},"26":{"start":{"line":82,"column":15},"end":{"line":136,"column":2}}},"fnMap":{"0":{"name":"(anonymous_0)","decl":{"start":{"line":8,"column":16},"end":{"line":8,"column":17}},"loc":{"start":{"line":8,"column":22},"end":{"line":80,"column":1}},"line":8},"1":{"name":"(anonymous_1)","decl":{"start":{"line":17,"column":12},"end":{"line":17,"column":13}},"loc":{"start":{"line":17,"column":18},"end":{"line":21,"column":3}},"line":17},"2":{"name":"logout","decl":{"start":{"line":23,"column":17},"end":{"line":23,"column":23}},"loc":{"start":{"line":23,"column":25},"end":{"line":31,"column":3}},"line":23},"3":{"name":"(anonymous_3)","decl":{"start":{"line":25,"column":10},"end":{"line":25,"column":11}},"loc":{"start":{"line":25,"column":15},"end":{"line":25,"column":25}},"line":25},"4":{"name":"(anonymous_4)","decl":{"start":{"line":26,"column":10},"end":{"line":26,"column":11}},"loc":{"start":{"line":26,"column":16},"end":{"line":30,"column":5}},"line":26},"5":{"name":"getShelf","decl":{"start":{"line":33,"column":17},"end":{"line":33,"column":25}},"loc":{"start":{"line":33,"column":27},"end":{"line":49,"column":3}},"line":33},"6":{"name":"(anonymous_6)","decl":{"start":{"line":44,"column":12},"end":{"line":44,"column":13}},"loc":{"start":{"line":44,"column":26},"end":{"line":44,"column":41}},"line":44},"7":{"name":"(anonymous_7)","decl":{"start":{"line":45,"column":12},"end":{"line":45,"column":13}},"loc":{"start":{"line":45,"column":22},"end":{"line":48,"column":7}},"line":45},"8":{"name":"(anonymous_8)","decl":{"start":{"line":65,"column":24},"end":{"line":65,"column":25}},"loc":{"start":{"line":66,"column":12},"end":{"line":70,"column":31}},"line":66},"9":{"name":"(anonymous_9)","decl":{"start":{"line":66,"column":40},"end":{"line":66,"column":41}},"loc":{"start":{"line":66,"column":46},"end":{"line":66,"column":113}},"line":66},"10":{"name":"(anonymous_10)","decl":{"start":{"line":72,"column":26},"end":{"line":72,"column":27}},"loc":{"start":{"line":72,"column":43},"end":{"line":72,"column":48}},"line":72}},"branchMap":{},"s":{"0":1,"1":0,"2":0,"3":0,"4":0,"5":0,"6":0,"7":0,"8":0,"9":0,"10":0,"11":0,"12":0,"13":0,"14":0,"15":0,"16":0,"17":0,"18":0,"19":0,"20":0,"21":0,"22":0,"23":0,"24":0,"25":0,"26":1},"f":{"0":0,"1":0,"2":0,"3":0,"4":0,"5":0,"6":0,"7":0,"8":0,"9":0,"10":0},"b":{},"_coverageSchema":"1a1c01bbd47fc00a2c39e90264f33305004495a9","hash":"62368e514cda716b9fec3062282efbf262228321"}
,"C:\\Users\\ksingh\\Desktop\\book-recommendation\\book-recommendation\\src\\screens\\Recommendations.js": {"path":"C:\\Users\\ksingh\\Desktop\\book-recommendation\\book-recommendation\\src\\screens\\Recommendations.js","statementMap":{"0":{"start":{"line":8,"column":24},"end":{"line":52,"column":1}},"1":{"start":{"line":9,"column":28},"end":{"line":9,"column":47}},"2":{"start":{"line":10,"column":28},"end":{"line":10,"column":40}},"3":{"start":{"line":11,"column":38},"end":{"line":11,"column":50}},"4":{"start":{"line":12,"column":28},"end":{"line":12,"column":40}},"5":{"start":{"line":15,"column":15},"end":{"line":23,"column":5}},"6":{"start":{"line":24,"column":4},"end":{"line":28,"column":7}},"7":{"start":{"line":25,"column":24},"end":{"line":25,"column":39}},"8":{"start":{"line":27,"column":6},"end":{"line":27,"column":37}},"9":{"start":{"line":30,"column":2},"end":{"line":32,"column":7}},"10":{"start":{"line":31,"column":4},"end":{"line":31,"column":15}},"11":{"start":{"line":36,"column":2},"end":{"line":51,"column":3}},"12":{"start":{"line":39,"column":8},"end":{"line":47,"column":15}},"13":{"start":{"line":42,"column":47},"end":{"line":42,"column":66}},"14":{"start":{"line":45,"column":43},"end":{"line":45,"column":52}},"15":{"start":{"line":54,"column":15},"end":{"line":92,"column":2}}},"fnMap":{"0":{"name":"(anonymous_0)","decl":{"start":{"line":8,"column":24},"end":{"line":8,"column":25}},"loc":{"start":{"line":8,"column":42},"end":{"line":52,"column":1}},"line":8},"1":{"name":"fetchData","decl":{"start":{"line":14,"column":17},"end":{"line":14,"column":26}},"loc":{"start":{"line":14,"column":28},"end":{"line":29,"column":3}},"line":14},"2":{"name":"(anonymous_2)","decl":{"start":{"line":25,"column":10},"end":{"line":25,"column":11}},"loc":{"start":{"line":25,"column":24},"end":{"line":25,"column":39}},"line":25},"3":{"name":"(anonymous_3)","decl":{"start":{"line":26,"column":10},"end":{"line":26,"column":11}},"loc":{"start":{"line":26,"column":20},"end":{"line":28,"column":5}},"line":26},"4":{"name":"(anonymous_4)","decl":{"start":{"line":30,"column":12},"end":{"line":30,"column":13}},"loc":{"start":{"line":30,"column":18},"end":{"line":32,"column":3}},"line":30},"5":{"name":"(anonymous_5)","decl":{"start":{"line":38,"column":35},"end":{"line":38,"column":36}},"loc":{"start":{"line":39,"column":8},"end":{"line":47,"column":15}},"line":39},"6":{"name":"(anonymous_6)","decl":{"start":{"line":42,"column":41},"end":{"line":42,"column":42}},"loc":{"start":{"line":42,"column":47},"end":{"line":42,"column":66}},"line":42},"7":{"name":"(anonymous_7)","decl":{"start":{"line":45,"column":26},"end":{"line":45,"column":27}},"loc":{"start":{"line":45,"column":43},"end":{"line":45,"column":52}},"line":45}},"branchMap":{},"s":{"0":1,"1":0,"2":0,"3":0,"4":0,"5":0,"6":0,"7":0,"8":0,"9":0,"10":0,"11":0,"12":0,"13":0,"14":0,"15":1},"f":{"0":0,"1":0,"2":0,"3":0,"4":0,"5":0,"6":0,"7":0},"b":{},"_coverageSchema":"1a1c01bbd47fc00a2c39e90264f33305004495a9","hash":"5ca7ac64946bbe3c339a51141b7d2cfc92b0cb08"}
,"C:\\Users\\ksingh\\Desktop\\book-recommendation\\book-recommendation\\src\\screens\\Search.js": {"path":"C:\\Users\\ksingh\\Desktop\\book-recommendation\\book-recommendation\\src\\screens\\Search.js","statementMap":{"0":{"start":{"line":66,"column":13},"end":{"line":72,"column":1}},"1":{"start":{"line":67,"column":0},"end":{"line":71,"column":2}},"2":{"start":{"line":74,"column":16},"end":{"line":135,"column":1}},"3":{"start":{"line":75,"column":27},"end":{"line":75,"column":39}},"4":{"start":{"line":76,"column":39},"end":{"line":76,"column":51}},"5":{"start":{"line":77,"column":29},"end":{"line":77,"column":57}},"6":{"start":{"line":80,"column":19},"end":{"line":96,"column":2}},"7":{"start":{"line":83,"column":2},"end":{"line":94,"column":5}},"8":{"start":{"line":90,"column":22},"end":{"line":90,"column":37}},"9":{"start":{"line":92,"column":6},"end":{"line":92,"column":33}},"10":{"start":{"line":93,"column":3},"end":{"line":93,"column":25}},"11":{"start":{"line":97,"column":1},"end":{"line":99,"column":6}},"12":{"start":{"line":98,"column":2},"end":{"line":98,"column":13}},"13":{"start":{"line":101,"column":24},"end":{"line":110,"column":2}},"14":{"start":{"line":102,"column":22},"end":{"line":106,"column":4}},"15":{"start":{"line":103,"column":20},"end":{"line":103,"column":53}},"16":{"start":{"line":104,"column":20},"end":{"line":104,"column":38}},"17":{"start":{"line":105,"column":2},"end":{"line":105,"column":43}},"18":{"start":{"line":107,"column":2},"end":{"line":107,"column":43}},"19":{"start":{"line":112,"column":1},"end":{"line":134,"column":3}},"20":{"start":{"line":119,"column":26},"end":{"line":119,"column":46}},"21":{"start":{"line":126,"column":39},"end":{"line":126,"column":44}},"22":{"start":{"line":139,"column":15},"end":{"line":147,"column":2}}},"fnMap":{"0":{"name":"(anonymous_0)","decl":{"start":{"line":66,"column":13},"end":{"line":66,"column":14}},"loc":{"start":{"line":66,"column":28},"end":{"line":72,"column":1}},"line":66},"1":{"name":"(anonymous_1)","decl":{"start":{"line":74,"column":16},"end":{"line":74,"column":17}},"loc":{"start":{"line":74,"column":22},"end":{"line":135,"column":1}},"line":74},"2":{"name":"(anonymous_2)","decl":{"start":{"line":80,"column":19},"end":{"line":80,"column":20}},"loc":{"start":{"line":80,"column":30},"end":{"line":96,"column":2}},"line":80},"3":{"name":"(anonymous_3)","decl":{"start":{"line":90,"column":8},"end":{"line":90,"column":9}},"loc":{"start":{"line":90,"column":22},"end":{"line":90,"column":37}},"line":90},"4":{"name":"(anonymous_4)","decl":{"start":{"line":91,"column":8},"end":{"line":91,"column":9}},"loc":{"start":{"line":91,"column":18},"end":{"line":94,"column":3}},"line":91},"5":{"name":"(anonymous_5)","decl":{"start":{"line":97,"column":11},"end":{"line":97,"column":12}},"loc":{"start":{"line":97,"column":17},"end":{"line":99,"column":2}},"line":97},"6":{"name":"(anonymous_6)","decl":{"start":{"line":101,"column":24},"end":{"line":101,"column":25}},"loc":{"start":{"line":101,"column":34},"end":{"line":110,"column":2}},"line":101},"7":{"name":"(anonymous_7)","decl":{"start":{"line":102,"column":35},"end":{"line":102,"column":36}},"loc":{"start":{"line":102,"column":45},"end":{"line":106,"column":3}},"line":102},"8":{"name":"(anonymous_8)","decl":{"start":{"line":119,"column":16},"end":{"line":119,"column":17}},"loc":{"start":{"line":119,"column":26},"end":{"line":119,"column":46}},"line":119},"9":{"name":"(anonymous_9)","decl":{"start":{"line":126,"column":22},"end":{"line":126,"column":23}},"loc":{"start":{"line":126,"column":39},"end":{"line":126,"column":44}},"line":126}},"branchMap":{},"s":{"0":1,"1":0,"2":1,"3":0,"4":0,"5":0,"6":0,"7":0,"8":0,"9":0,"10":0,"11":0,"12":0,"13":0,"14":0,"15":0,"16":0,"17":0,"18":0,"19":0,"20":0,"21":0,"22":1},"f":{"0":0,"1":0,"2":0,"3":0,"4":0,"5":0,"6":0,"7":0,"8":0,"9":0},"b":{},"_coverageSchema":"1a1c01bbd47fc00a2c39e90264f33305004495a9","hash":"3366ad98252d7f3d8d551a8d15478d5344c55c07"}
,"C:\\Users\\ksingh\\Desktop\\book-recommendation\\book-recommendation\\src\\screens\\SignUp.js": {"path":"C:\\Users\\ksingh\\Desktop\\book-recommendation\\book-recommendation\\src\\screens\\SignUp.js","statementMap":{"0":{"start":{"line":20,"column":28},"end":{"line":20,"column":40}},"1":{"start":{"line":21,"column":26},"end":{"line":21,"column":38}},"2":{"start":{"line":22,"column":34},"end":{"line":22,"column":46}},"3":{"start":{"line":23,"column":21},"end":{"line":23,"column":36}},"4":{"start":{"line":24,"column":12},"end":{"line":24,"column":57}},"5":{"start":{"line":27,"column":2},"end":{"line":63,"column":3}},"6":{"start":{"line":28,"column":14},"end":{"line":32,"column":4}},"7":{"start":{"line":34,"column":14},"end":{"line":41,"column":4}},"8":{"start":{"line":43,"column":3},"end":{"line":60,"column":5}},"9":{"start":{"line":45,"column":8},"end":{"line":50,"column":5}},"10":{"start":{"line":46,"column":5},"end":{"line":46,"column":56}},"11":{"start":{"line":47,"column":5},"end":{"line":47,"column":33}},"12":{"start":{"line":49,"column":5},"end":{"line":49,"column":54}},"13":{"start":{"line":53,"column":8},"end":{"line":53,"column":32}},"14":{"start":{"line":54,"column":4},"end":{"line":59,"column":5}},"15":{"start":{"line":55,"column":5},"end":{"line":55,"column":56}},"16":{"start":{"line":56,"column":5},"end":{"line":56,"column":33}},"17":{"start":{"line":58,"column":5},"end":{"line":58,"column":20}},"18":{"start":{"line":62,"column":3},"end":{"line":62,"column":41}},"19":{"start":{"line":66,"column":2},"end":{"line":109,"column":4}},"20":{"start":{"line":76,"column":34},"end":{"line":76,"column":47}},"21":{"start":{"line":87,"column":35},"end":{"line":87,"column":50}},"22":{"start":{"line":97,"column":38},"end":{"line":97,"column":59}},"23":{"start":{"line":105,"column":37},"end":{"line":105,"column":65}},"24":{"start":{"line":112,"column":15},"end":{"line":159,"column":2}}},"fnMap":{"0":{"name":"SignUp","decl":{"start":{"line":19,"column":24},"end":{"line":19,"column":30}},"loc":{"start":{"line":19,"column":33},"end":{"line":110,"column":1}},"line":19},"1":{"name":"signup","decl":{"start":{"line":26,"column":17},"end":{"line":26,"column":23}},"loc":{"start":{"line":26,"column":25},"end":{"line":64,"column":3}},"line":26},"2":{"name":"(anonymous_2)","decl":{"start":{"line":44,"column":9},"end":{"line":44,"column":10}},"loc":{"start":{"line":44,"column":14},"end":{"line":51,"column":7}},"line":44},"3":{"name":"(anonymous_3)","decl":{"start":{"line":52,"column":9},"end":{"line":52,"column":10}},"loc":{"start":{"line":52,"column":15},"end":{"line":60,"column":4}},"line":52},"4":{"name":"(anonymous_4)","decl":{"start":{"line":76,"column":24},"end":{"line":76,"column":25}},"loc":{"start":{"line":76,"column":34},"end":{"line":76,"column":47}},"line":76},"5":{"name":"(anonymous_5)","decl":{"start":{"line":87,"column":24},"end":{"line":87,"column":25}},"loc":{"start":{"line":87,"column":35},"end":{"line":87,"column":50}},"line":87},"6":{"name":"(anonymous_6)","decl":{"start":{"line":97,"column":24},"end":{"line":97,"column":25}},"loc":{"start":{"line":97,"column":38},"end":{"line":97,"column":59}},"line":97},"7":{"name":"(anonymous_7)","decl":{"start":{"line":105,"column":33},"end":{"line":105,"column":34}},"loc":{"start":{"line":105,"column":37},"end":{"line":105,"column":65}},"line":105}},"branchMap":{"0":{"loc":{"start":{"line":27,"column":2},"end":{"line":63,"column":3}},"type":"if","locations":[{"start":{"line":27,"column":2},"end":{"line":63,"column":3}},{"start":{"line":61,"column":7},"end":{"line":63,"column":3}}],"line":27},"1":{"loc":{"start":{"line":45,"column":8},"end":{"line":50,"column":5}},"type":"if","locations":[{"start":{"line":45,"column":8},"end":{"line":50,"column":5}},{"start":{"line":48,"column":9},"end":{"line":50,"column":5}}],"line":45},"2":{"loc":{"start":{"line":54,"column":4},"end":{"line":59,"column":5}},"type":"if","locations":[{"start":{"line":54,"column":4},"end":{"line":59,"column":5}},{"start":{"line":57,"column":9},"end":{"line":59,"column":5}}],"line":54}},"s":{"0":0,"1":0,"2":0,"3":0,"4":0,"5":0,"6":0,"7":0,"8":0,"9":0,"10":0,"11":0,"12":0,"13":0,"14":0,"15":0,"16":0,"17":0,"18":0,"19":0,"20":0,"21":0,"22":0,"23":0,"24":1},"f":{"0":0,"1":0,"2":0,"3":0,"4":0,"5":0,"6":0,"7":0},"b":{"0":[0,0],"1":[0,0],"2":[0,0]},"_coverageSchema":"1a1c01bbd47fc00a2c39e90264f33305004495a9","hash":"02e50921804e90ad48fb7d4370692694cc3627a0"}
}
