TN:
SF:App.js
FN:27,HomeStack
FN:54,MyTabs
FN:58,(anonymous_2)
FN:65,(anonymous_3)
FN:94,(anonymous_4)
FN:95,(anonymous_5)
FN:107,App
FNF:7
FNH:1
FNDA:0,HomeStack
FNDA:0,MyTabs
FNDA:0,(anonymous_2)
FNDA:0,(anonymous_3)
FNDA:0,(anonymous_4)
FNDA:0,(anonymous_5)
FNDA:2,App
DA:23,1
DA:25,1
DA:29,0
DA:55,0
DA:56,0
DA:58,0
DA:59,0
DA:60,0
DA:61,0
DA:62,0
DA:65,0
DA:68,0
DA:70,0
DA:71,0
DA:73,0
DA:74,0
DA:76,0
DA:77,0
DA:79,0
DA:80,0
DA:82,0
DA:83,0
DA:85,0
DA:86,0
DA:88,0
DA:91,0
DA:93,0
DA:94,0
DA:95,0
DA:108,2
LF:30
LH:3
BRDA:61,0,0,0
BRDA:61,0,1,0
BRDA:68,1,0,0
BRDA:68,1,1,0
BRDA:68,1,2,0
BRDA:68,1,3,0
BRDA:68,1,4,0
BRDA:68,1,5,0
BRDA:68,1,6,0
BRF:9
BRH:0
end_of_record
TN:
SF:webpack.config.js
FN:3,(anonymous_0)
FNF:1
FNH:0
FNDA:0,(anonymous_0)
DA:1,0
DA:3,0
DA:4,0
DA:6,0
DA:12,0
LF:5
LH:0
BRF:0
BRH:0
end_of_record
TN:
SF:src\index.js
FNF:0
FNH:0
LF:0
LH:0
BRF:0
BRH:0
end_of_record
TN:
SF:src\components\Nav.js
FN:11,TabNavigator
FN:28,(anonymous_1)
FN:31,(anonymous_2)
FN:52,(anonymous_3)
FNF:4
FNH:0
FNDA:0,TabNavigator
FNDA:0,(anonymous_1)
FNDA:0,(anonymous_2)
FNDA:0,(anonymous_3)
DA:19,0
DA:25,0
DA:29,0
DA:32,0
DA:38,0
DA:39,0
DA:53,0
DA:70,0
LF:8
LH:0
BRDA:38,0,0,0
BRDA:38,0,1,0
BRDA:47,1,0,0
BRDA:47,1,1,0
BRDA:58,2,0,0
BRDA:58,2,1,0
BRF:6
BRH:0
end_of_record
TN:
SF:src\components\Navigation.js
FN:6,(anonymous_0)
FN:54,(anonymous_1)
FN:58,(anonymous_2)
FNF:3
FNH:0
FNDA:0,(anonymous_0)
FNDA:0,(anonymous_1)
FNDA:0,(anonymous_2)
DA:6,0
DA:7,0
DA:15,0
DA:55,0
DA:58,0
DA:72,0
LF:6
LH:0
BRF:0
BRH:0
end_of_record
TN:
SF:src\components\UseToken.js
FN:3,useToken
FN:5,getToken
FN:12,saveToken
FN:17,removeToken
FNF:4
FNH:0
FNDA:0,useToken
FNDA:0,getToken
FNDA:0,saveToken
FNDA:0,removeToken
DA:6,0
DA:7,0
DA:10,0
DA:13,0
DA:14,0
DA:18,0
DA:19,0
DA:22,0
LF:8
LH:0
BRDA:7,0,0,0
BRDA:7,0,1,0
BRF:2
BRH:0
end_of_record
TN:
SF:src\components\common\Card.js
FN:7,(anonymous_0)
FNF:1
FNH:0
FNDA:0,(anonymous_0)
DA:5,1
DA:7,1
DA:9,0
DA:11,0
DA:12,0
DA:13,0
DA:15,0
DA:31,1
LF:8
LH:3
BRDA:12,0,0,0
BRDA:12,0,1,0
BRF:2
BRH:0
end_of_record
TN:
SF:src\components\common\FilterModal.js
FN:7,(anonymous_0)
FN:39,(anonymous_1)
FN:41,(anonymous_2)
FN:47,(anonymous_3)
FN:53,(anonymous_4)
FN:56,(anonymous_5)
FN:81,(anonymous_6)
FN:94,(anonymous_7)
FN:101,(anonymous_8)
FN:119,(anonymous_9)
FN:128,(anonymous_10)
FNF:11
FNH:0
FNDA:0,(anonymous_0)
FNDA:0,(anonymous_1)
FNDA:0,(anonymous_2)
FNDA:0,(anonymous_3)
FNDA:0,(anonymous_4)
FNDA:0,(anonymous_5)
FNDA:0,(anonymous_6)
FNDA:0,(anonymous_7)
FNDA:0,(anonymous_8)
FNDA:0,(anonymous_9)
FNDA:0,(anonymous_10)
DA:7,1
DA:8,0
DA:9,0
DA:10,0
DA:11,0
DA:31,0
DA:32,0
DA:39,0
DA:40,0
DA:41,0
DA:42,0
DA:43,0
DA:45,0
DA:47,0
DA:48,0
DA:49,0
DA:52,0
DA:53,0
DA:54,0
DA:55,0
DA:56,0
DA:57,0
DA:58,0
DA:61,0
DA:62,0
DA:66,0
DA:67,0
DA:69,0
DA:74,0
DA:82,0
DA:83,0
DA:95,0
DA:101,0
DA:119,0
DA:128,0
DA:137,1
LF:36
LH:2
BRDA:42,0,0,0
BRDA:42,0,1,0
BRDA:48,1,0,0
BRDA:48,1,1,0
BRDA:57,2,0,0
BRDA:57,2,1,0
BRDA:61,3,0,0
BRDA:61,3,1,0
BRDA:66,4,0,0
BRDA:66,4,1,0
BRDA:102,5,0,0
BRDA:102,5,1,0
BRF:12
BRH:0
end_of_record
TN:
SF:src\components\common\List.js
FN:7,(anonymous_0)
FN:69,(anonymous_1)
FNF:2
FNH:0
FNDA:0,(anonymous_0)
FNDA:0,(anonymous_1)
DA:7,0
DA:53,0
DA:60,0
DA:62,0
DA:70,0
DA:80,0
LF:6
LH:0
BRF:0
BRH:0
end_of_record
TN:
SF:src\components\common\ReadModal.js
FN:6,(anonymous_0)
FN:10,(anonymous_1)
FN:14,(anonymous_2)
FN:25,(anonymous_3)
FN:34,(anonymous_4)
FN:40,(anonymous_5)
FN:46,(anonymous_6)
FN:51,(anonymous_7)
FN:56,(anonymous_8)
FNF:9
FNH:0
FNDA:0,(anonymous_0)
FNDA:0,(anonymous_1)
FNDA:0,(anonymous_2)
FNDA:0,(anonymous_3)
FNDA:0,(anonymous_4)
FNDA:0,(anonymous_5)
FNDA:0,(anonymous_6)
FNDA:0,(anonymous_7)
FNDA:0,(anonymous_8)
DA:6,1
DA:7,0
DA:8,0
DA:10,0
DA:11,0
DA:14,0
DA:15,0
DA:18,0
DA:26,0
DA:27,0
DA:34,0
DA:40,0
DA:46,0
DA:51,0
DA:56,0
DA:73,1
LF:16
LH:2
BRF:0
BRH:0
end_of_record
TN:
SF:src\screens\BookDetails.js
FN:13,(anonymous_0)
FN:26,fetchData
FN:35,(anonymous_2)
FN:36,(anonymous_3)
FN:37,(anonymous_4)
FN:53,like
FN:72,(anonymous_6)
FN:73,(anonymous_7)
FN:78,(anonymous_8)
FN:86,(anonymous_9)
FN:101,(anonymous_10)
FN:102,(anonymous_11)
FN:106,(anonymous_12)
FN:145,(anonymous_13)
FNF:14
FNH:0
FNDA:0,(anonymous_0)
FNDA:0,fetchData
FNDA:0,(anonymous_2)
FNDA:0,(anonymous_3)
FNDA:0,(anonymous_4)
FNDA:0,like
FNDA:0,(anonymous_6)
FNDA:0,(anonymous_7)
FNDA:0,(anonymous_8)
FNDA:0,(anonymous_9)
FNDA:0,(anonymous_10)
FNDA:0,(anonymous_11)
FNDA:0,(anonymous_12)
FNDA:0,(anonymous_13)
DA:6,1
DA:13,1
DA:14,0
DA:15,0
DA:16,0
DA:17,0
DA:18,0
DA:19,0
DA:22,0
DA:23,0
DA:27,0
DA:35,0
DA:37,0
DA:38,0
DA:39,0
DA:40,0
DA:42,0
DA:43,0
DA:44,0
DA:47,0
DA:48,0
DA:54,0
DA:55,0
DA:56,0
DA:60,0
DA:70,0
DA:72,0
DA:74,0
DA:78,0
DA:79,0
DA:80,0
DA:82,0
DA:86,0
DA:87,0
DA:88,0
DA:89,0
DA:99,0
DA:101,0
DA:102,0
DA:103,0
DA:106,0
DA:107,0
DA:108,0
DA:109,0
DA:113,0
DA:114,0
DA:115,0
DA:117,0
DA:118,0
DA:145,0
DA:156,0
DA:164,1
LF:52
LH:3
BRDA:43,0,0,0
BRDA:43,0,1,0
BRDA:47,1,0,0
BRDA:47,1,1,0
BRDA:47,2,0,0
BRDA:47,2,1,0
BRDA:79,3,0,0
BRDA:79,3,1,0
BRDA:114,4,0,0
BRDA:114,4,1,0
BRDA:117,5,0,0
BRDA:117,5,1,0
BRDA:138,6,0,0
BRDA:138,6,1,0
BRDA:140,7,0,0
BRDA:140,7,1,0
BRDA:144,8,0,0
BRDA:144,8,1,0
BRDA:147,9,0,0
BRDA:147,9,1,0
BRF:20
BRH:0
end_of_record
TN:
SF:src\screens\BookShelf.js
FN:9,(anonymous_0)
FN:17,fetchData
FN:27,(anonymous_2)
FN:28,(anonymous_3)
FN:35,(anonymous_4)
FN:39,filterBooks
FN:57,(anonymous_6)
FN:63,(anonymous_7)
FN:64,(anonymous_8)
FN:68,(anonymous_9)
FN:73,(anonymous_10)
FNF:11
FNH:0
FNDA:0,(anonymous_0)
FNDA:0,fetchData
FNDA:0,(anonymous_2)
FNDA:0,(anonymous_3)
FNDA:0,(anonymous_4)
FNDA:0,filterBooks
FNDA:0,(anonymous_6)
FNDA:0,(anonymous_7)
FNDA:0,(anonymous_8)
FNDA:0,(anonymous_9)
FNDA:0,(anonymous_10)
DA:9,1
DA:11,0
DA:12,0
DA:13,0
DA:14,0
DA:15,0
DA:18,0
DA:27,0
DA:29,0
DA:30,0
DA:31,0
DA:35,0
DA:36,0
DA:40,0
DA:45,0
DA:46,0
DA:53,0
DA:58,0
DA:64,0
DA:68,0
DA:73,0
DA:90,1
LF:22
LH:2
BRDA:45,0,0,0
BRDA:45,0,1,0
BRF:2
BRH:0
end_of_record
TN:
SF:src\screens\HomeScreen.js
FN:10,(anonymous_0)
FN:18,fetchData
FN:32,(anonymous_2)
FN:33,(anonymous_3)
FN:39,(anonymous_4)
FN:43,filterBooks
FN:69,(anonymous_6)
FN:70,(anonymous_7)
FN:74,(anonymous_8)
FNF:9
FNH:0
FNDA:0,(anonymous_0)
FNDA:0,fetchData
FNDA:0,(anonymous_2)
FNDA:0,(anonymous_3)
FNDA:0,(anonymous_4)
FNDA:0,filterBooks
FNDA:0,(anonymous_6)
FNDA:0,(anonymous_7)
FNDA:0,(anonymous_8)
DA:10,1
DA:12,0
DA:13,0
DA:14,0
DA:21,0
DA:22,0
DA:32,0
DA:34,0
DA:35,0
DA:39,0
DA:40,0
DA:44,0
DA:49,0
DA:50,0
DA:57,0
DA:70,0
DA:74,0
DA:81,1
LF:18
LH:2
BRDA:49,0,0,0
BRDA:49,0,1,0
BRF:2
BRH:0
end_of_record
TN:
SF:src\screens\Liked.js
FN:8,(anonymous_0)
FN:14,fetchData
FN:23,(anonymous_2)
FN:24,(anonymous_3)
FN:28,(anonymous_4)
FN:43,(anonymous_5)
FN:52,(anonymous_6)
FN:57,(anonymous_7)
FNF:8
FNH:0
FNDA:0,(anonymous_0)
FNDA:0,fetchData
FNDA:0,(anonymous_2)
FNDA:0,(anonymous_3)
FNDA:0,(anonymous_4)
FNDA:0,(anonymous_5)
FNDA:0,(anonymous_6)
FNDA:0,(anonymous_7)
DA:8,1
DA:10,0
DA:11,0
DA:12,0
DA:16,0
DA:23,0
DA:25,0
DA:26,0
DA:27,0
DA:28,0
DA:29,0
DA:30,0
DA:31,0
DA:35,0
DA:37,0
DA:43,0
DA:44,0
DA:47,0
DA:53,0
DA:57,0
DA:63,1
LF:21
LH:2
BRDA:27,0,0,0
BRDA:27,0,1,0
BRDA:30,1,0,0
BRDA:30,1,1,0
BRF:4
BRH:0
end_of_record
TN:
SF:src\screens\Login.js
FN:19,Login
FN:33,login
FN:49,(anonymous_2)
FN:56,(anonymous_3)
FN:78,(anonymous_4)
FN:88,(anonymous_5)
FN:103,(anonymous_6)
FNF:7
FNH:1
FNDA:2,Login
FNDA:0,login
FNDA:0,(anonymous_2)
FNDA:0,(anonymous_3)
FNDA:0,(anonymous_4)
FNDA:0,(anonymous_5)
FNDA:0,(anonymous_6)
DA:20,2
DA:21,2
DA:22,2
DA:23,2
DA:27,2
DA:34,0
DA:39,0
DA:49,0
DA:51,0
DA:52,0
DA:54,0
DA:57,0
DA:58,0
DA:59,0
DA:60,0
DA:61,0
DA:66,2
DA:78,0
DA:88,0
DA:103,0
DA:110,1
LF:21
LH:7
BRDA:51,0,0,0
BRDA:51,0,1,0
BRDA:60,1,0,0
BRDA:60,1,1,0
BRF:4
BRH:0
end_of_record
TN:
SF:src\screens\MainStackNavigator.js
FN:15,MainStackNavigator
FN:40,(anonymous_1)
FNF:2
FNH:0
FNDA:0,MainStackNavigator
FNDA:0,(anonymous_1)
DA:13,0
DA:16,0
DA:40,0
LF:3
LH:0
BRF:0
BRH:0
end_of_record
TN:
SF:src\screens\Profile.js
FN:8,(anonymous_0)
FN:17,(anonymous_1)
FN:23,logout
FN:25,(anonymous_3)
FN:26,(anonymous_4)
FN:33,getShelf
FN:44,(anonymous_6)
FN:45,(anonymous_7)
FN:65,(anonymous_8)
FN:66,(anonymous_9)
FN:72,(anonymous_10)
FNF:11
FNH:0
FNDA:0,(anonymous_0)
FNDA:0,(anonymous_1)
FNDA:0,logout
FNDA:0,(anonymous_3)
FNDA:0,(anonymous_4)
FNDA:0,getShelf
FNDA:0,(anonymous_6)
FNDA:0,(anonymous_7)
FNDA:0,(anonymous_8)
FNDA:0,(anonymous_9)
FNDA:0,(anonymous_10)
DA:8,1
DA:9,0
DA:10,0
DA:11,0
DA:12,0
DA:13,0
DA:14,0
DA:15,0
DA:17,0
DA:18,0
DA:19,0
DA:20,0
DA:24,0
DA:25,0
DA:27,0
DA:28,0
DA:29,0
DA:34,0
DA:44,0
DA:46,0
DA:47,0
DA:50,0
DA:51,0
DA:66,0
DA:72,0
DA:82,1
LF:26
LH:2
BRF:0
BRH:0
end_of_record
TN:
SF:src\screens\Recommendations.js
FN:8,(anonymous_0)
FN:14,fetchData
FN:25,(anonymous_2)
FN:26,(anonymous_3)
FN:30,(anonymous_4)
FN:38,(anonymous_5)
FN:42,(anonymous_6)
FN:45,(anonymous_7)
FNF:8
FNH:0
FNDA:0,(anonymous_0)
FNDA:0,fetchData
FNDA:0,(anonymous_2)
FNDA:0,(anonymous_3)
FNDA:0,(anonymous_4)
FNDA:0,(anonymous_5)
FNDA:0,(anonymous_6)
FNDA:0,(anonymous_7)
DA:8,1
DA:9,0
DA:10,0
DA:11,0
DA:12,0
DA:15,0
DA:24,0
DA:25,0
DA:27,0
DA:30,0
DA:31,0
DA:36,0
DA:39,0
DA:42,0
DA:45,0
DA:54,1
LF:16
LH:2
BRF:0
BRH:0
end_of_record
TN:
SF:src\screens\Search.js
FN:66,(anonymous_0)
FN:74,(anonymous_1)
FN:80,(anonymous_2)
FN:90,(anonymous_3)
FN:91,(anonymous_4)
FN:97,(anonymous_5)
FN:101,(anonymous_6)
FN:102,(anonymous_7)
FN:119,(anonymous_8)
FN:126,(anonymous_9)
FNF:10
FNH:0
FNDA:0,(anonymous_0)
FNDA:0,(anonymous_1)
FNDA:0,(anonymous_2)
FNDA:0,(anonymous_3)
FNDA:0,(anonymous_4)
FNDA:0,(anonymous_5)
FNDA:0,(anonymous_6)
FNDA:0,(anonymous_7)
FNDA:0,(anonymous_8)
FNDA:0,(anonymous_9)
DA:66,1
DA:67,0
DA:74,1
DA:75,0
DA:76,0
DA:77,0
DA:80,0
DA:83,0
DA:90,0
DA:92,0
DA:93,0
DA:97,0
DA:98,0
DA:101,0
DA:102,0
DA:103,0
DA:104,0
DA:105,0
DA:107,0
DA:112,0
DA:119,0
DA:126,0
DA:139,1
LF:23
LH:3
BRF:0
BRH:0
end_of_record
TN:
SF:src\screens\SignUp.js
FN:19,SignUp
FN:26,signup
FN:44,(anonymous_2)
FN:52,(anonymous_3)
FN:76,(anonymous_4)
FN:87,(anonymous_5)
FN:97,(anonymous_6)
FN:105,(anonymous_7)
FNF:8
FNH:0
FNDA:0,SignUp
FNDA:0,signup
FNDA:0,(anonymous_2)
FNDA:0,(anonymous_3)
FNDA:0,(anonymous_4)
FNDA:0,(anonymous_5)
FNDA:0,(anonymous_6)
FNDA:0,(anonymous_7)
DA:20,0
DA:21,0
DA:22,0
DA:23,0
DA:24,0
DA:27,0
DA:28,0
DA:34,0
DA:43,0
DA:45,0
DA:46,0
DA:47,0
DA:49,0
DA:53,0
DA:54,0
DA:55,0
DA:56,0
DA:58,0
DA:62,0
DA:66,0
DA:76,0
DA:87,0
DA:97,0
DA:105,0
DA:112,1
LF:25
LH:1
BRDA:27,0,0,0
BRDA:27,0,1,0
BRDA:45,1,0,0
BRDA:45,1,1,0
BRDA:54,2,0,0
BRDA:54,2,1,0
BRF:6
BRH:0
end_of_record
